<?xml version="1.0" encoding="UTF-8"?><testrun name="Runner" project="ProjectA" tests="1" started="1" failures="0" errors="1" ignored="0">
  <testsuite name="TestRunner.Runner" time="4.871">
    <testsuite name="Elearning TC" time="4.871">
      <testcase name="Registered as Student" classname="Elearning TC" time="4.871">
        <error>org.openqa.selenium.WebDriverException: unknown error: Chrome failed to start: crashed.
  (unknown error: DevToolsActivePort file doesn't exist)
  (The process started from chrome location C:\Users\002DO1744\AppData\Local\Google\Chrome\Application\chrome.exe is no longer running, so ChromeDriver is assuming that Chrome has crashed.)
Build info: version: '3.141.59', revision: 'e82be7d358', time: '2018-11-14T08:17:03'
System info: host: 'LAPTOP-ILSM73CP', ip: '172.20.10.6', os.name: 'Windows 10', os.arch: 'amd64', os.version: '10.0', java.version: '16.0.2'
Driver info: driver.version: ChromeDriver
remote stacktrace: Backtrace:
	Ordinal0 [0x0095BDE3+2473443]
	Ordinal0 [0x008F6661+2057825]
	Ordinal0 [0x00802438+1057848]
	Ordinal0 [0x0081D598+1168792]
	Ordinal0 [0x00819CAF+1154223]
	Ordinal0 [0x00849ADF+1350367]
	Ordinal0 [0x0084974A+1349450]
	Ordinal0 [0x008455AB+1332651]
	Ordinal0 [0x00822104+1188100]
	Ordinal0 [0x00822F59+1191769]
	GetHandleVerifier [0x00AE2266+1549718]
	GetHandleVerifier [0x00B8D4A7+2250711]
	GetHandleVerifier [0x009E718B+521403]
	GetHandleVerifier [0x009E6229+517465]
	Ordinal0 [0x008FB79D+2078621]
	Ordinal0 [0x008FFB58+2095960]
	Ordinal0 [0x008FFC92+2096274]
	Ordinal0 [0x00909541+2135361]
	BaseThreadInitThunk [0x75F7FA29+25]
	RtlGetAppContainerNamedObjectPath [0x774F7A9E+286]
	RtlGetAppContainerNamedObjectPath [0x774F7A6E+238]
&#13;
	at java.base/jdk.internal.reflect.NativeConstructorAccessorImpl.newInstance0(Native Method)&#13;
	at java.base/jdk.internal.reflect.NativeConstructorAccessorImpl.newInstance(NativeConstructorAccessorImpl.java:78)&#13;
	at java.base/jdk.internal.reflect.DelegatingConstructorAccessorImpl.newInstance(DelegatingConstructorAccessorImpl.java:45)&#13;
	at java.base/java.lang.reflect.Constructor.newInstanceWithCaller(Constructor.java:499)&#13;
	at java.base/java.lang.reflect.Constructor.newInstance(Constructor.java:480)&#13;
	at org.openqa.selenium.remote.W3CHandshakeResponse.lambda$errorHandler$0(W3CHandshakeResponse.java:62)&#13;
	at org.openqa.selenium.remote.HandshakeResponse.lambda$getResponseFunction$0(HandshakeResponse.java:30)&#13;
	at org.openqa.selenium.remote.ProtocolHandshake.lambda$createSession$0(ProtocolHandshake.java:126)&#13;
	at java.base/java.util.stream.ReferencePipeline$3$1.accept(ReferencePipeline.java:197)&#13;
	at java.base/java.util.Spliterators$ArraySpliterator.tryAdvance(Spliterators.java:958)&#13;
	at java.base/java.util.stream.ReferencePipeline.forEachWithCancel(ReferencePipeline.java:129)&#13;
	at java.base/java.util.stream.AbstractPipeline.copyIntoWithCancel(AbstractPipeline.java:502)&#13;
	at java.base/java.util.stream.AbstractPipeline.copyInto(AbstractPipeline.java:488)&#13;
	at java.base/java.util.stream.AbstractPipeline.wrapAndCopyInto(AbstractPipeline.java:474)&#13;
	at java.base/java.util.stream.FindOps$FindOp.evaluateSequential(FindOps.java:150)&#13;
	at java.base/java.util.stream.AbstractPipeline.evaluate(AbstractPipeline.java:234)&#13;
	at java.base/java.util.stream.ReferencePipeline.findFirst(ReferencePipeline.java:647)&#13;
	at org.openqa.selenium.remote.ProtocolHandshake.createSession(ProtocolHandshake.java:128)&#13;
	at org.openqa.selenium.remote.ProtocolHandshake.createSession(ProtocolHandshake.java:74)&#13;
	at org.openqa.selenium.remote.HttpCommandExecutor.execute(HttpCommandExecutor.java:136)&#13;
	at org.openqa.selenium.remote.service.DriverCommandExecutor.execute(DriverCommandExecutor.java:83)&#13;
	at org.openqa.selenium.remote.RemoteWebDriver.execute(RemoteWebDriver.java:552)&#13;
	at org.openqa.selenium.remote.RemoteWebDriver.startSession(RemoteWebDriver.java:213)&#13;
	at org.openqa.selenium.remote.RemoteWebDriver.&lt;init&gt;(RemoteWebDriver.java:131)&#13;
	at org.openqa.selenium.chrome.ChromeDriver.&lt;init&gt;(ChromeDriver.java:181)&#13;
	at org.openqa.selenium.chrome.ChromeDriver.&lt;init&gt;(ChromeDriver.java:168)&#13;
	at org.openqa.selenium.chrome.ChromeDriver.&lt;init&gt;(ChromeDriver.java:123)&#13;
	at stepDef.ElearningStepDef.navigate_to_elearing_page(ElearningStepDef.java:17)&#13;
	at âœ½.navigate to Elearing page "http://elearningm1.upskills.in/"(file:///C:/Users/002DO1744/Documents/WorkSpace/ProjectA/./src/main/java/CucumberProject/ElearningTC.feature:4)&#13;
&#13;
</error>
      </testcase>
    </testsuite>
  </testsuite>
</testrun>
